[0m09:06:05.773206 [debug] [MainThread]: Sending event: {'category': 'dbt', 'action': 'invocation', 'label': 'start', 'context': [<snowplow_tracker.self_describing_json.SelfDescribingJson object at 0x7f947e37eb20>, <snowplow_tracker.self_describing_json.SelfDescribingJson object at 0x7f947c09ce80>, <snowplow_tracker.self_describing_json.SelfDescribingJson object at 0x7f947c0aa040>]}


============================== 09:06:05.778582 | 6de56f19-7482-459f-9d9d-c9cbe56f43a4 ==============================
[0m09:06:05.778582 [info ] [MainThread]: Running with dbt=1.7.4
[0m09:06:05.779812 [debug] [MainThread]: running dbt with arguments {'printer_width': '80', 'indirect_selection': 'eager', 'log_cache_events': 'False', 'write_json': 'True', 'partial_parse': 'True', 'cache_selected_only': 'False', 'profiles_dir': '/home/ubuntu/.dbt', 'fail_fast': 'False', 'debug': 'False', 'log_path': 'logs', 'version_check': 'True', 'warn_error': 'None', 'use_colors': 'True', 'use_experimental_parser': 'False', 'no_print': 'None', 'quiet': 'False', 'warn_error_options': 'WarnErrorOptions(include=[], exclude=[])', 'introspect': 'True', 'log_format': 'default', 'static_parser': 'True', 'target_path': 'None', 'invocation_command': 'dbt init demo_dbt', 'send_anonymous_usage_stats': 'True'}
[0m09:06:05.780655 [warn ] [MainThread]: [ConfigFolderDirectory]: Unable to parse dict {'dir': PosixPath('/home/ubuntu/.dbt')}
[0m09:06:05.781446 [info ] [MainThread]: Creating dbt configuration folder at 
[0m09:06:05.783093 [debug] [MainThread]: Starter project path: /home/ubuntu/venv/lib/python3.8/site-packages/dbt/include/starter_project
[0m09:06:05.787117 [info ] [MainThread]: 
Your new dbt project "demo_dbt" was created!

For more information on how to configure the profiles.yml file,
please consult the dbt documentation here:

  https://docs.getdbt.com/docs/configure-your-profile

One more thing:

Need help? Don't hesitate to reach out to us via GitHub issues or on Slack:

  https://community.getdbt.com/

Happy modeling!

[0m09:06:05.788060 [info ] [MainThread]: Setting up your profile.
[0m09:10:22.440497 [debug] [MainThread]: Sending event: {'category': 'dbt', 'action': 'invocation', 'label': 'start', 'context': [<snowplow_tracker.self_describing_json.SelfDescribingJson object at 0x7feba9da1a90>, <snowplow_tracker.self_describing_json.SelfDescribingJson object at 0x7feba7ac2e20>, <snowplow_tracker.self_describing_json.SelfDescribingJson object at 0x7feba7ac2d00>]}


============================== 09:10:22.455342 | 0dc1fc53-5081-4a2a-8fa5-99940be73a05 ==============================
[0m09:10:22.455342 [info ] [MainThread]: Running with dbt=1.7.4
[0m09:10:22.459103 [debug] [MainThread]: running dbt with arguments {'printer_width': '80', 'indirect_selection': 'eager', 'log_cache_events': 'False', 'write_json': 'True', 'partial_parse': 'True', 'cache_selected_only': 'False', 'warn_error': 'None', 'debug': 'False', 'fail_fast': 'False', 'log_path': 'logs', 'version_check': 'True', 'profiles_dir': '/home/ubuntu/.dbt', 'use_colors': 'True', 'use_experimental_parser': 'False', 'no_print': 'None', 'quiet': 'False', 'log_format': 'default', 'invocation_command': 'dbt init demo_dbt', 'static_parser': 'True', 'introspect': 'True', 'target_path': 'None', 'warn_error_options': 'WarnErrorOptions(include=[], exclude=[])', 'send_anonymous_usage_stats': 'True'}
[0m09:10:22.462236 [info ] [MainThread]: A project called demo_dbt already exists here.
[0m09:10:22.465149 [debug] [MainThread]: Resource report: {"command_name": "init", "command_success": true, "command_wall_clock_time": 0.038506195, "process_user_time": 3.486672, "process_kernel_time": 0.09278, "process_mem_max_rss": "90572", "process_in_blocks": "40", "process_out_blocks": "8"}
[0m09:10:22.466232 [debug] [MainThread]: Command `dbt init` succeeded at 09:10:22.465986 after 0.04 seconds
[0m09:10:22.466961 [debug] [MainThread]: Sending event: {'category': 'dbt', 'action': 'invocation', 'label': 'end', 'context': [<snowplow_tracker.self_describing_json.SelfDescribingJson object at 0x7feba9da1a90>, <snowplow_tracker.self_describing_json.SelfDescribingJson object at 0x7febabd74400>, <snowplow_tracker.self_describing_json.SelfDescribingJson object at 0x7feba7ac2ee0>]}
[0m09:10:22.467702 [debug] [MainThread]: Flushing usage events
[0m09:10:50.382688 [debug] [MainThread]: Sending event: {'category': 'dbt', 'action': 'invocation', 'label': 'start', 'context': [<snowplow_tracker.self_describing_json.SelfDescribingJson object at 0x7fd836b9dac0>, <snowplow_tracker.self_describing_json.SelfDescribingJson object at 0x7fd8348c7e50>, <snowplow_tracker.self_describing_json.SelfDescribingJson object at 0x7fd8348c7d30>]}


============================== 09:10:50.388106 | 9e9191e3-a7de-4705-b0f9-6864e2fca9e4 ==============================
[0m09:10:50.388106 [info ] [MainThread]: Running with dbt=1.7.4
[0m09:10:50.389355 [debug] [MainThread]: running dbt with arguments {'printer_width': '80', 'indirect_selection': 'eager', 'write_json': 'True', 'log_cache_events': 'False', 'partial_parse': 'True', 'cache_selected_only': 'False', 'profiles_dir': '/home/ubuntu/.dbt', 'fail_fast': 'False', 'debug': 'False', 'log_path': 'logs', 'warn_error': 'None', 'version_check': 'True', 'use_colors': 'True', 'use_experimental_parser': 'False', 'no_print': 'None', 'quiet': 'False', 'log_format': 'default', 'static_parser': 'True', 'introspect': 'True', 'invocation_command': 'dbt init demo_dbt', 'target_path': 'None', 'warn_error_options': 'WarnErrorOptions(include=[], exclude=[])', 'send_anonymous_usage_stats': 'True'}
[0m09:10:50.390929 [debug] [MainThread]: Starter project path: /home/ubuntu/venv/lib/python3.8/site-packages/dbt/include/starter_project
[0m09:10:50.396083 [info ] [MainThread]: 
Your new dbt project "demo_dbt" was created!

For more information on how to configure the profiles.yml file,
please consult the dbt documentation here:

  https://docs.getdbt.com/docs/configure-your-profile

One more thing:

Need help? Don't hesitate to reach out to us via GitHub issues or on Slack:

  https://community.getdbt.com/

Happy modeling!

[0m09:10:50.397299 [info ] [MainThread]: Setting up your profile.
[0m09:12:34.535339 [info ] [MainThread]: Profile demo_dbt written to /home/ubuntu/.dbt/profiles.yml using target's profile_template.yml and your supplied values. Run 'dbt debug' to validate the connection.
[0m09:12:34.537658 [debug] [MainThread]: Resource report: {"command_name": "init", "command_success": true, "command_wall_clock_time": 104.17318, "process_user_time": 5.675775, "process_kernel_time": 0.210288, "process_mem_max_rss": "145660", "process_out_blocks": "80", "process_in_blocks": "0"}
[0m09:12:34.539032 [debug] [MainThread]: Command `dbt init` succeeded at 09:12:34.538638 after 104.17 seconds
[0m09:12:34.540007 [debug] [MainThread]: Sending event: {'category': 'dbt', 'action': 'invocation', 'label': 'end', 'context': [<snowplow_tracker.self_describing_json.SelfDescribingJson object at 0x7fd836b9dac0>, <snowplow_tracker.self_describing_json.SelfDescribingJson object at 0x7fd838b79ac0>, <snowplow_tracker.self_describing_json.SelfDescribingJson object at 0x7fd8348c7ee0>]}
[0m09:12:34.541534 [debug] [MainThread]: Flushing usage events
[0m09:12:52.642674 [debug] [MainThread]: Sending event: {'category': 'dbt', 'action': 'invocation', 'label': 'start', 'context': [<snowplow_tracker.self_describing_json.SelfDescribingJson object at 0x7efdaf091b50>, <snowplow_tracker.self_describing_json.SelfDescribingJson object at 0x7efdacd81f10>, <snowplow_tracker.self_describing_json.SelfDescribingJson object at 0x7efdacd81490>]}


============================== 09:12:52.650453 | 5b0685b5-32b8-49a3-80ea-6840d39341f4 ==============================
[0m09:12:52.650453 [info ] [MainThread]: Running with dbt=1.7.4
[0m09:12:52.652652 [debug] [MainThread]: running dbt with arguments {'printer_width': '80', 'indirect_selection': 'eager', 'write_json': 'True', 'log_cache_events': 'False', 'partial_parse': 'True', 'cache_selected_only': 'False', 'warn_error': 'None', 'debug': 'False', 'fail_fast': 'False', 'log_path': 'logs', 'profiles_dir': '/home/ubuntu/.dbt', 'version_check': 'True', 'use_colors': 'True', 'use_experimental_parser': 'False', 'no_print': 'None', 'quiet': 'False', 'warn_error_options': 'WarnErrorOptions(include=[], exclude=[])', 'introspect': 'True', 'static_parser': 'True', 'invocation_command': 'dbt debug', 'target_path': 'None', 'log_format': 'default', 'send_anonymous_usage_stats': 'True'}
[0m09:12:52.654303 [info ] [MainThread]: dbt version: 1.7.4
[0m09:12:52.656629 [info ] [MainThread]: python version: 3.8.10
[0m09:12:52.657589 [info ] [MainThread]: python path: /home/ubuntu/venv/bin/python3
[0m09:12:52.659294 [info ] [MainThread]: os info: Linux-5.15.0-1051-aws-x86_64-with-glibc2.29
[0m09:12:53.459765 [info ] [MainThread]: Using profiles dir at /home/ubuntu/.dbt
[0m09:12:53.460842 [info ] [MainThread]: Using profiles.yml file at /home/ubuntu/.dbt/profiles.yml
[0m09:12:53.461827 [info ] [MainThread]: Using dbt_project.yml file at /home/ubuntu/DBT/dbt_project.yml
[0m09:12:53.463296 [info ] [MainThread]: adapter type: snowflake
[0m09:12:53.464216 [info ] [MainThread]: adapter version: 1.7.1
[0m09:12:53.465443 [info ] [MainThread]: Configuration:
[0m09:12:53.467786 [info ] [MainThread]:   profiles.yml file [[32mOK found and valid[0m]
[0m09:12:53.469034 [info ] [MainThread]:   dbt_project.yml file [[31mERROR not found[0m]
[0m09:12:53.469797 [info ] [MainThread]: Required dependencies:
[0m09:12:53.470678 [debug] [MainThread]: Executing "git --help"
[0m09:12:53.486966 [debug] [MainThread]: STDOUT: "b"usage: git [--version] [--help] [-C <path>] [-c <name>=<value>]\n           [--exec-path[=<path>]] [--html-path] [--man-path] [--info-path]\n           [-p | --paginate | -P | --no-pager] [--no-replace-objects] [--bare]\n           [--git-dir=<path>] [--work-tree=<path>] [--namespace=<name>]\n           <command> [<args>]\n\nThese are common Git commands used in various situations:\n\nstart a working area (see also: git help tutorial)\n   clone             Clone a repository into a new directory\n   init              Create an empty Git repository or reinitialize an existing one\n\nwork on the current change (see also: git help everyday)\n   add               Add file contents to the index\n   mv                Move or rename a file, a directory, or a symlink\n   restore           Restore working tree files\n   rm                Remove files from the working tree and from the index\n   sparse-checkout   Initialize and modify the sparse-checkout\n\nexamine the history and state (see also: git help revisions)\n   bisect            Use binary search to find the commit that introduced a bug\n   diff              Show changes between commits, commit and working tree, etc\n   grep              Print lines matching a pattern\n   log               Show commit logs\n   show              Show various types of objects\n   status            Show the working tree status\n\ngrow, mark and tweak your common history\n   branch            List, create, or delete branches\n   commit            Record changes to the repository\n   merge             Join two or more development histories together\n   rebase            Reapply commits on top of another base tip\n   reset             Reset current HEAD to the specified state\n   switch            Switch branches\n   tag               Create, list, delete or verify a tag object signed with GPG\n\ncollaborate (see also: git help workflows)\n   fetch             Download objects and refs from another repository\n   pull              Fetch from and integrate with another repository or a local branch\n   push              Update remote refs along with associated objects\n\n'git help -a' and 'git help -g' list available subcommands and some\nconcept guides. See 'git help <command>' or 'git help <concept>'\nto read about a specific subcommand or concept.\nSee 'git help git' for an overview of the system.\n""
[0m09:12:53.488403 [debug] [MainThread]: STDERR: "b''"
[0m09:12:53.489398 [info ] [MainThread]:  - git [[32mOK found[0m]

[0m09:12:53.490041 [info ] [MainThread]: Connection:
[0m09:12:53.491433 [info ] [MainThread]:   account: ZX31834
[0m09:12:53.492285 [info ] [MainThread]:   user: FaresJel
[0m09:12:53.493012 [info ] [MainThread]:   database: DEMO
[0m09:12:53.493701 [info ] [MainThread]:   warehouse: LARGE
[0m09:12:53.494694 [info ] [MainThread]:   role: ACCOUNTADMIN
[0m09:12:53.495486 [info ] [MainThread]:   schema: PUBLIC
[0m09:12:53.496290 [info ] [MainThread]:   authenticator: None
[0m09:12:53.497549 [info ] [MainThread]:   private_key_path: None
[0m09:12:53.499141 [info ] [MainThread]:   token: None
[0m09:12:53.500212 [info ] [MainThread]:   oauth_client_id: None
[0m09:12:53.500970 [info ] [MainThread]:   query_tag: None
[0m09:12:53.501639 [info ] [MainThread]:   client_session_keep_alive: False
[0m09:12:53.502327 [info ] [MainThread]:   host: None
[0m09:12:53.503381 [info ] [MainThread]:   port: None
[0m09:12:53.504633 [info ] [MainThread]:   proxy_host: None
[0m09:12:53.506018 [info ] [MainThread]:   proxy_port: None
[0m09:12:53.508714 [info ] [MainThread]:   protocol: None
[0m09:12:53.512298 [info ] [MainThread]:   connect_retries: 1
[0m09:12:53.513884 [info ] [MainThread]:   connect_timeout: None
[0m09:12:53.514878 [info ] [MainThread]:   retry_on_database_errors: False
[0m09:12:53.515761 [info ] [MainThread]:   retry_all: False
[0m09:12:53.516518 [info ] [MainThread]:   insecure_mode: False
[0m09:12:53.517282 [info ] [MainThread]:   reuse_connections: None
[0m09:12:53.518411 [info ] [MainThread]: Registered adapter: snowflake=1.7.1
[0m09:12:53.520526 [debug] [MainThread]: Acquiring new snowflake connection 'debug'
[0m09:12:53.522251 [debug] [MainThread]: Using snowflake connection "debug"
[0m09:12:53.523473 [debug] [MainThread]: On debug: select 1 as id
[0m09:12:53.524426 [debug] [MainThread]: Opening a new connection, currently in state init
[0m09:12:54.388251 [debug] [MainThread]: Snowflake adapter: Error running SQL: select 1 as id
[0m09:12:54.389456 [debug] [MainThread]: Snowflake adapter: Rolling back transaction.
[0m09:12:54.390692 [debug] [MainThread]: On debug: No close available on handle
[0m09:12:54.392039 [info ] [MainThread]:   Connection test: [[31mERROR[0m]

[0m09:12:54.393118 [info ] [MainThread]: [31m2 checks failed:[0m
[0m09:12:54.394149 [info ] [MainThread]: Project loading failed for the following reason:
 project path </home/ubuntu/DBT/dbt_project.yml> not found

[0m09:12:54.395040 [info ] [MainThread]: dbt was unable to connect to the specified database.
The database returned the following error:

  >Database Error
  250001 (08001): Failed to connect to DB. Verify the account name is correct: ZX31834.snowflakecomputing.com:443. HTTP 403: Forbidden

Check your database credentials and try again. For more information, visit:
https://docs.getdbt.com/docs/configure-your-profile


[0m09:12:54.396596 [debug] [MainThread]: Resource report: {"command_name": "debug", "command_wall_clock_time": 1.8775854, "process_user_time": 5.732397, "process_kernel_time": 0.329711, "process_mem_max_rss": "154952", "process_in_blocks": "616", "process_out_blocks": "864", "command_success": false}
[0m09:12:54.397817 [debug] [MainThread]: Command `dbt debug` failed at 09:12:54.397481 after 1.88 seconds
[0m09:12:54.398772 [debug] [MainThread]: Connection 'debug' was properly closed.
[0m09:12:54.399738 [debug] [MainThread]: Sending event: {'category': 'dbt', 'action': 'invocation', 'label': 'end', 'context': [<snowplow_tracker.self_describing_json.SelfDescribingJson object at 0x7efdaf091b50>, <snowplow_tracker.self_describing_json.SelfDescribingJson object at 0x7efda43062e0>, <snowplow_tracker.self_describing_json.SelfDescribingJson object at 0x7efda42fab20>]}
[0m09:12:54.400848 [debug] [MainThread]: Flushing usage events
